Number of points tobe deleted for homo:   1276
Number of points tobe deleted for lumo:   1283
Size of full training set for homo:    74504
Size of selected training set for homo:    67054
Size of full training set for lumo:    74497
Size of selected training set for lumo:    67048
training step:     0
training step:  1000
training step:  2000
training step:  3000
training step:  4000
training step:  5000
training step:  6000
training step:  7000
training step:  8000
training step:  9000
training step: 10000
training step: 11000
training step: 12000
training step: 13000
training step: 14000
training step: 15000
training step: 16000
training step: 17000
training step: 18000
training step: 19000
training step: 20000
training step: 21000
training step: 22000
training step: 23000
training step: 24000
training step: 25000
training step: 26000
training step: 27000
training step: 28000
training step: 29000
training step: 30000
training step: 31000
training step: 32000
training step: 33000
training step: 34000
training step: 35000
training step: 36000
training step: 37000
training step: 38000
training step: 39000
training step: 40000
training step: 41000
training step: 42000
training step: 43000
training step: 44000
training step: 45000
training step: 46000
training step: 47000
training step: 48000
training step: 49000
training step: 50000
training step: 51000
training step: 52000
training step: 53000
training step: 54000
training step: 55000
training step: 56000
training step: 57000
training step: 58000
training step: 59000
training step: 60000
training step: 61000
training step: 62000
training step: 63000
training step: 64000
training step: 65000
training step: 66000
training step: 67000
training step: 68000
training step: 69000
training step: 70000
training step: 71000
training step: 72000
training step: 73000
training step: 74000
training step: 75000
training step: 76000
training step: 77000
training step: 78000
training step: 79000
training step: 80000
training step: 81000
training step: 82000
training step: 83000
training step: 84000
training step: 85000
training step: 86000
training step: 87000
training step: 88000
training step: 89000
training step: 90000
training step: 91000
training step: 92000
training step: 93000
training step: 94000
training step: 95000
training step: 96000
training step: 97000
training step: 98000
training step: 99000
training step: 100000
training step: 101000
training step: 102000
training step: 103000
training step: 104000
training step: 105000
training step: 106000
training step: 107000
training step: 108000
training step: 109000
training step: 110000
training step: 111000
training step: 112000
training step: 113000
training step: 114000
training step: 115000
training step: 116000
training step: 117000
training step: 118000
training step: 119000
training step: 120000
training step: 121000
training step: 122000
training step: 123000
training step: 124000
training step: 125000
training step: 126000
training step: 127000
training step: 128000
training step: 129000
training step: 130000
training step: 131000
training step: 132000
training step: 133000
training step: 134000
training step: 135000
training step: 136000
training step: 137000
training step: 138000
training step: 139000
training step: 140000
training step: 141000
training step: 142000
training step: 143000
training step: 144000
training step: 145000
training step: 146000
training step: 147000
training step: 148000
training step: 149000
training step: 150000
training step: 151000
training step: 152000
training step: 153000
training step: 154000
training step: 155000
training step: 156000
training step: 157000
training step: 158000
training step: 159000
training step: 160000
training step: 161000
training step: 162000
training step: 163000
training step: 164000
training step: 165000
training step: 166000
training step: 167000
training step: 168000
training step: 169000
training step: 170000
training step: 171000
training step: 172000
training step: 173000
training step: 174000
training step: 175000
training step: 176000
training step: 177000
training step: 178000
training step: 179000
training step: 180000
training step: 181000
training step: 182000
training step: 183000
training step: 184000
training step: 185000
training step: 186000
training step: 187000
training step: 188000
training step: 189000
training step: 190000
training step: 191000
training step: 192000
training step: 193000
training step: 194000
training step: 195000
training step: 196000
training step: 197000
training step: 198000
training step: 199000
training step:     0
training step:  1000
training step:  2000
training step:  3000
training step:  4000
training step:  5000
training step:  6000
training step:  7000
training step:  8000
training step:  9000
training step: 10000
training step: 11000
training step: 12000
training step: 13000
training step: 14000
training step: 15000
training step: 16000
training step: 17000
training step: 18000
training step: 19000
training step: 20000
training step: 21000
training step: 22000
training step: 23000
training step: 24000
training step: 25000
training step: 26000
training step: 27000
training step: 28000
training step: 29000
training step: 30000
training step: 31000
training step: 32000
training step: 33000
training step: 34000
training step: 35000
training step: 36000
training step: 37000
training step: 38000
training step: 39000
training step: 40000
training step: 41000
training step: 42000
training step: 43000
training step: 44000
training step: 45000
training step: 46000
training step: 47000
training step: 48000
training step: 49000
training step: 50000
training step: 51000
training step: 52000
training step: 53000
training step: 54000
training step: 55000
training step: 56000
training step: 57000
training step: 58000
training step: 59000
training step: 60000
training step: 61000
training step: 62000
training step: 63000
training step: 64000
training step: 65000
training step: 66000
training step: 67000
training step: 68000
training step: 69000
training step: 70000
training step: 71000
training step: 72000
training step: 73000
training step: 74000
training step: 75000
training step: 76000
training step: 77000
training step: 78000
training step: 79000
training step: 80000
training step: 81000
training step: 82000
training step: 83000
training step: 84000
training step: 85000
training step: 86000
training step: 87000
training step: 88000
training step: 89000
training step: 90000
training step: 91000
training step: 92000
training step: 93000
training step: 94000
training step: 95000
training step: 96000
training step: 97000
training step: 98000
training step: 99000
training step: 100000
training step: 101000
training step: 102000
training step: 103000
training step: 104000
training step: 105000
training step: 106000
training step: 107000
training step: 108000
training step: 109000
training step: 110000
training step: 111000
training step: 112000
training step: 113000
training step: 114000
training step: 115000
training step: 116000
training step: 117000
training step: 118000
training step: 119000
training step: 120000
training step: 121000
training step: 122000
training step: 123000
training step: 124000
training step: 125000
training step: 126000
training step: 127000
training step: 128000
training step: 129000
training step: 130000
training step: 131000
training step: 132000
training step: 133000
training step: 134000
training step: 135000
training step: 136000
training step: 137000
training step: 138000
training step: 139000
training step: 140000
training step: 141000
training step: 142000
training step: 143000
training step: 144000
training step: 145000
training step: 146000
training step: 147000
training step: 148000
training step: 149000
training step: 150000
training step: 151000
training step: 152000
training step: 153000
training step: 154000
training step: 155000
training step: 156000
training step: 157000
training step: 158000
training step: 159000
training step: 160000
training step: 161000
training step: 162000
training step: 163000
training step: 164000
training step: 165000
training step: 166000
training step: 167000
training step: 168000
training step: 169000
training step: 170000
training step: 171000
training step: 172000
training step: 173000
training step: 174000
training step: 175000
training step: 176000
training step: 177000
training step: 178000
training step: 179000
training step: 180000
training step: 181000
training step: 182000
training step: 183000
training step: 184000
training step: 185000
training step: 186000
training step: 187000
training step: 188000
training step: 189000
training step: 190000
training step: 191000
training step: 192000
training step: 193000
training step: 194000
training step: 195000
training step: 196000
training step: 197000
training step: 198000
training step: 199000
Error of full data set: 0.358 % 
Error of training set with 67054 samples: 0.314 % 
Error of testing set with 7449 samples: 0.363 % 
Error of full data set: 0.280 % 
Error of training set with 67048 samples: 0.231 % 
Error of testing set with 7449 samples: 0.724 % 
